==============================================================================
TestCases                                                                     
==============================================================================
TestCases.Buy Checking                                                        
==============================================================================
Buying some items and checking the quantity and price                 $40.00
$80.00
| PASS |
------------------------------------------------------------------------------
Buying as a guest                                                     | PASS |
------------------------------------------------------------------------------
Removing an item from the cart                                        | PASS |
------------------------------------------------------------------------------
TestCases.Buy Checking                                                | PASS |
3 tests, 3 passed, 0 failed
==============================================================================
TestCases                                                             | PASS |
3 tests, 3 passed, 0 failed
==============================================================================
Output:  C:\Users\anton\PycharmProjects\Automation_testing\ecommerce_demo_robotframework\Results\pabot_results\0\Output.xml
