==============================================================================
TestCases                                                                     
==============================================================================
TestCases.Change Currency                                                     
==============================================================================
Euro checker currency                                                 $1,200.00
€1032.00
| PASS |
------------------------------------------------------------------------------
Dolar checker currency                                                €1032.00
$1,200.00
| PASS |
------------------------------------------------------------------------------
TestCases.Change Currency                                             | PASS |
2 tests, 2 passed, 0 failed
==============================================================================
TestCases                                                             | PASS |
2 tests, 2 passed, 0 failed
==============================================================================
Output:  C:\Users\anton\PycharmProjects\Automation_testing\ecommerce_demo_robotframework\Results\pabot_results\1\Output.xml
